DEBUG:root:[2024-06-01 15:16:12] Welcome to the ELO CALCULATOR !! v2.0
DEBUG:root:[2024-06-01 15:16:12] Connecting to DB : database.db
DEBUG:root:[2024-06-01 15:16:22] Adding list of files
DEBUG:root:[2024-06-01 15:16:30] All files added
DEBUG:root:[2024-06-01 15:16:34] Calculating ranking with given races
DEBUG:root:[2024-06-01 15:16:34] Resetting Elo for Pilot : KILLIAN = 1500
DEBUG:root:[2024-06-01 15:16:34] Resetting Elo for Pilot : GPW = 1500
DEBUG:root:[2024-06-01 15:16:34] Resetting Elo for Pilot : PASTIS = 1500
DEBUG:root:[2024-06-01 15:16:34] Resetting Elo for Pilot : MATHOU = 1500
DEBUG:root:[2024-06-01 15:16:34] Resetting Elo for Pilot : YAKUZA_FPV = 1500
DEBUG:root:[2024-06-01 15:16:34] Resetting Elo for Pilot : VIOFLY = 1500
DEBUG:root:[2024-06-01 15:16:34] Resetting Elo for Pilot : DEBAZ = 1500
DEBUG:root:[2024-06-01 15:16:34] Resetting Elo for Pilot : SARPOON = 1500
DEBUG:root:[2024-06-01 15:16:34] Resetting Elo for Pilot : FRACTALFPV = 1500
DEBUG:root:[2024-06-01 15:16:34] Resetting Elo for Pilot : FRALOU = 1500
DEBUG:root:[2024-06-01 15:16:34] Resetting Elo for Pilot : MATTOON = 1500
DEBUG:root:[2024-06-01 15:16:34] Resetting Elo for Pilot :   = 1500
DEBUG:root:[2024-06-01 15:16:34] Resetting Elo for Pilot :  = 1500
DEBUG:root:[2024-06-01 15:16:34] Resetting Elo for Pilot :  = 1500
DEBUG:root:[2024-06-01 15:16:34] Resetting Elo for Pilot :  = 1500
DEBUG:root:[2024-06-01 15:16:34] Resetting Elo for Pilot :  = 1500
DEBUG:root:[2024-06-01 15:16:34] Resetting Elo for Pilot : AVASSIN = 1500
DEBUG:root:[2024-06-01 15:16:34] Resetting Elo for Pilot : BEAR RACER = 1500
DEBUG:root:[2024-06-01 15:16:34] Resetting Elo for Pilot : SUPER EWEN = 1500
DEBUG:root:[2024-06-01 15:16:34] Resetting Elo for Pilot : LEVIO = 1500
DEBUG:root:[2024-06-01 15:16:34] Resetting Elo for Pilot : CHRIS FPV = 1500
DEBUG:root:[2024-06-01 15:16:34] Resetting Elo for Pilot : RASTAPOPOULOS94 = 1500
DEBUG:root:[2024-06-01 15:16:34] Resetting Elo for Pilot : STARZ91 = 1500
DEBUG:root:[2024-06-01 15:16:34] Resetting Elo for Pilot :  = 1500
DEBUG:root:[2024-06-01 15:16:34] Resetting Elo for Pilot : BABA FPV = 1500
DEBUG:root:[2024-06-01 15:16:34] Resetting Elo for Pilot :  = 1500
DEBUG:root:[2024-06-01 15:16:34] Resetting Elo for Pilot : YAYOU = 1500
DEBUG:root:[2024-06-01 15:16:34] Resetting Elo for Pilot : AVALT = 1500
DEBUG:root:[2024-06-01 15:16:34] Resetting Elo for Pilot : FENOMAN = 1500
DEBUG:root:[2024-06-01 15:16:34] Resetting Elo for Pilot :  = 1500
DEBUG:root:[2024-06-01 15:16:34] Resetting Elo for Pilot : JUDOOR = 1500
DEBUG:root:[2024-06-01 15:16:34] Resetting Elo for Pilot :  = 1500
DEBUG:root:[2024-06-01 15:16:34] Resetting Elo for Pilot :  = 1500
DEBUG:root:[2024-06-01 15:16:34] Resetting Elo for Pilot :  = 1500
DEBUG:root:[2024-06-01 15:16:34] Resetting Elo for Pilot : MERIADEG = 1500
DEBUG:root:[2024-06-01 15:16:34] Resetting Elo for Pilot :  = 1500
DEBUG:root:[2024-06-01 15:16:34] Resetting Elo for Pilot : ARNAUD = 1500
DEBUG:root:[2024-06-01 15:16:34] Resetting Elo for Pilot :  = 1500
DEBUG:root:[2024-06-01 15:16:34] Resetting Elo for Pilot : JANLEBELG = 1500
DEBUG:root:[2024-06-01 15:16:34] Resetting Elo for Pilot :  = 1500
DEBUG:root:[2024-06-01 15:16:34] Resetting Elo for Pilot : 20SY = 1500
DEBUG:root:[2024-06-01 15:16:34] Resetting Elo for Pilot :  = 1500
DEBUG:root:[2024-06-01 15:16:34] Resetting Elo for Pilot :  = 1500
DEBUG:root:[2024-06-01 15:16:34] Resetting Elo for Pilot :  = 1500
DEBUG:root:[2024-06-01 15:16:34] Resetting Elo for Pilot :  = 1500
DEBUG:root:[2024-06-01 15:16:34] ENTERING RACE : NEVER_DISARM_2
DEBUG:root:[2024-06-01 15:16:34] New Elo for PilotKILLIAN = 1590.0
DEBUG:root:[2024-06-01 15:16:34] New Elo for PilotGPW = 1570.0
DEBUG:root:[2024-06-01 15:16:34] New Elo for PilotPASTIS = 1550.0
DEBUG:root:[2024-06-01 15:16:34] New Elo for PilotMATHOU = 1530.0
DEBUG:root:[2024-06-01 15:16:34] New Elo for PilotYAKUZA_FPV = 1510.0
DEBUG:root:[2024-06-01 15:16:34] New Elo for PilotVIOFLY = 1490.0
DEBUG:root:[2024-06-01 15:16:34] New Elo for PilotDEBAZ = 1470.0
DEBUG:root:[2024-06-01 15:16:34] New Elo for PilotSARPOON = 1450.0
DEBUG:root:[2024-06-01 15:16:34] New Elo for PilotFRACTALFPV = 1430.0
DEBUG:root:[2024-06-01 15:16:34] New Elo for PilotFRALOU = 1410.0
DEBUG:root:[2024-06-01 15:16:34] ENTERING RACE : FMR_001
DEBUG:root:[2024-06-01 15:16:34] New Elo for PilotKILLIAN = 1661.2176009587058
DEBUG:root:[2024-06-01 15:16:34] New Elo for PilotVIOFLY = 1571.7012847947244
DEBUG:root:[2024-06-01 15:16:34] New Elo for PilotMATHOU = 1579.2716733678049
DEBUG:root:[2024-06-01 15:16:34] New Elo for PilotFRALOU = 1476.1266066233868
DEBUG:root:[2024-06-01 15:16:34] New Elo for PilotFRACTALFPV = 1470.1689329177434
DEBUG:root:[2024-06-01 15:16:34] New Elo for PilotMATTOON = 1498.5856502229392
DEBUG:root:[2024-06-01 15:16:34] New Elo for Pilot  = 1478.5856502229392
DEBUG:root:[2024-06-01 15:16:34] New Elo for Pilot = 1458.5856502229392
DEBUG:root:[2024-06-01 15:16:34] New Elo for Pilot = 1438.5856502229392
DEBUG:root:[2024-06-01 15:16:34] New Elo for Pilot = 1418.5856502229392
DEBUG:root:[2024-06-01 15:16:34] New Elo for Pilot = 1398.5856502229392
DEBUG:root:[2024-06-01 15:16:34] ENTERING RACE : FUN_FLY_CLUB_06_AVRIL
DEBUG:root:[2024-06-01 15:16:34] New Elo for PilotAVASSIN = 1652.1616172869253
DEBUG:root:[2024-06-01 15:16:34] New Elo for PilotBEAR RACER = 1632.1616172869253
DEBUG:root:[2024-06-01 15:16:34] New Elo for PilotMATHOU = 1655.6868809420712
DEBUG:root:[2024-06-01 15:16:34] New Elo for PilotSUPER EWEN = 1592.1616172869253
DEBUG:root:[2024-06-01 15:16:34] New Elo for PilotVIOFLY = 1611.4406933087905
DEBUG:root:[2024-06-01 15:16:34] New Elo for PilotLEVIO = 1552.1616172869253
DEBUG:root:[2024-06-01 15:16:34] New Elo for PilotYAKUZA_FPV = 1537.5882808636325
DEBUG:root:[2024-06-01 15:16:34] New Elo for PilotFRACTALFPV = 1495.9248156829801
DEBUG:root:[2024-06-01 15:16:34] New Elo for PilotFRALOU = 1479.1792421764733
DEBUG:root:[2024-06-01 15:16:34] New Elo for PilotCHRIS FPV = 1472.1616172869253
DEBUG:root:[2024-06-01 15:16:34] New Elo for PilotDEBAZ = 1435.8324118604594
DEBUG:root:[2024-06-01 15:16:34] New Elo for PilotRASTAPOPOULOS94 = 1432.1616172869253
DEBUG:root:[2024-06-01 15:16:34] New Elo for PilotSTARZ91 = 1412.1616172869253
DEBUG:root:[2024-06-01 15:16:34] New Elo for Pilot = 1392.1616172869253
DEBUG:root:[2024-06-01 15:16:34] New Elo for PilotBABA FPV = 1372.1616172869253
DEBUG:root:[2024-06-01 15:16:34] New Elo for Pilot = 1352.1616172869253
DEBUG:root:[2024-06-01 15:16:34] ENTERING RACE : FUN_FLY_CLUB_07_AVRIL
DEBUG:root:[2024-06-01 15:16:34] New Elo for PilotAVASSIN = 1738.116366055919
DEBUG:root:[2024-06-01 15:16:34] New Elo for PilotSUPER EWEN = 1680.2043922712771
DEBUG:root:[2024-06-01 15:16:34] New Elo for PilotBEAR RACER = 1685.2633508267509
DEBUG:root:[2024-06-01 15:16:34] New Elo for PilotMATHOU = 1680.4074148090763
DEBUG:root:[2024-06-01 15:16:34] New Elo for PilotVIOFLY = 1632.1850194344074
DEBUG:root:[2024-06-01 15:16:34] New Elo for PilotLEVIO = 1575.7859877710275
DEBUG:root:[2024-06-01 15:16:34] New Elo for PilotYAKUZA_FPV = 1546.9902502496727
DEBUG:root:[2024-06-01 15:16:34] New Elo for PilotFRACTALFPV = 1501.9509493788812
DEBUG:root:[2024-06-01 15:16:34] New Elo for PilotFRALOU = 1471.8698305149892
DEBUG:root:[2024-06-01 15:16:34] New Elo for PilotCHRIS FPV = 1447.6327594205632
DEBUG:root:[2024-06-01 15:16:34] New Elo for PilotDEBAZ = 1405.5023864531502
DEBUG:root:[2024-06-01 15:16:34] New Elo for PilotRASTAPOPOULOS94 = 1383.2424576496865
DEBUG:root:[2024-06-01 15:16:34] New Elo for Pilot = 1338.227819641936
DEBUG:root:[2024-06-01 15:16:34] New Elo for PilotBABA FPV = 1305.4020480715747
DEBUG:root:[2024-06-01 15:16:34] New Elo for Pilot = 1272.325847867823
DEBUG:root:[2024-06-01 15:16:34] ENTERING RACE : GFPV_CAP_MALO_1
DEBUG:root:[2024-06-01 15:16:34] New Elo for PilotYAYOU = 1741.087515060323
DEBUG:root:[2024-06-01 15:16:34] New Elo for PilotPASTIS = 1738.697401822559
DEBUG:root:[2024-06-01 15:16:34] New Elo for PilotSUPER EWEN = 1770.6529483343757
DEBUG:root:[2024-06-01 15:16:34] New Elo for PilotAVALT = 1681.087515060323
DEBUG:root:[2024-06-01 15:16:34] New Elo for PilotMATHOU = 1730.7464854221669
DEBUG:root:[2024-06-01 15:16:34] New Elo for PilotFENOMAN = 1641.087515060323
DEBUG:root:[2024-06-01 15:16:34] New Elo for PilotVIOFLY = 1669.809822103313
DEBUG:root:[2024-06-01 15:16:34] New Elo for PilotAVASSIN = 1699.3992023004494
DEBUG:root:[2024-06-01 15:16:34] New Elo for PilotSARPOON = 1563.133987857521
DEBUG:root:[2024-06-01 15:16:34] New Elo for PilotFRACTALFPV = 1561.773722002108
DEBUG:root:[2024-06-01 15:16:34] New Elo for Pilot = 1541.087515060323
DEBUG:root:[2024-06-01 15:16:34] New Elo for PilotLEVIO = 1548.014825631421
DEBUG:root:[2024-06-01 15:16:34] New Elo for PilotFRALOU = 1491.1011614159609
DEBUG:root:[2024-06-01 15:16:34] New Elo for PilotJUDOOR = 1481.087515060323
DEBUG:root:[2024-06-01 15:16:34] New Elo for Pilot = 1461.087515060323
DEBUG:root:[2024-06-01 15:16:34] New Elo for Pilot = 1441.087515060323
DEBUG:root:[2024-06-01 15:16:34] New Elo for Pilot = 1356.509591437008
DEBUG:root:[2024-06-01 15:16:34] New Elo for Pilot = 1401.087515060323
DEBUG:root:[2024-06-01 15:16:34] New Elo for PilotBABA FPV = 1300.1729838380052
DEBUG:root:[2024-06-01 15:16:34] New Elo for PilotMERIADEG = 1361.087515060323
DEBUG:root:[2024-06-01 15:16:34] New Elo for Pilot = 1341.087515060323
DEBUG:root:[2024-06-01 15:16:34] New Elo for PilotARNAUD = 1321.087515060323
DEBUG:root:[2024-06-01 15:16:34] New Elo for Pilot = 1301.087515060323
DEBUG:root:[2024-06-01 15:16:35] New Elo for PilotJANLEBELG = 1281.087515060323
DEBUG:root:[2024-06-01 15:16:35] ENTERING RACE : GFPV_CAP_MALO_2
DEBUG:root:[2024-06-01 15:16:35] New Elo for PilotAVALT = 1819.096119546092
DEBUG:root:[2024-06-01 15:16:35] New Elo for PilotYAYOU = 1830.8284449208095
DEBUG:root:[2024-06-01 15:16:35] New Elo for PilotFENOMAN = 1759.4438800515934
DEBUG:root:[2024-06-01 15:16:35] New Elo for PilotPASTIS = 1789.5050920761128
DEBUG:root:[2024-06-01 15:16:35] New Elo for PilotSARPOON = 1683.4747218919886
DEBUG:root:[2024-06-01 15:16:35] New Elo for PilotAVASSIN = 1728.4673904045603
DEBUG:root:[2024-06-01 15:16:35] New Elo for PilotSUPER EWEN = 1747.6429148641873
DEBUG:root:[2024-06-01 15:16:35] New Elo for PilotVIOFLY = 1673.4479064097195
DEBUG:root:[2024-06-01 15:16:35] New Elo for PilotMATHOU = 1685.1402331260142
DEBUG:root:[2024-06-01 15:16:35] New Elo for PilotLEVIO = 1576.7070245198263
DEBUG:root:[2024-06-01 15:16:35] New Elo for PilotFRALOU = 1531.3170575952522
DEBUG:root:[2024-06-01 15:16:35] New Elo for Pilot = 1533.616008869506
DEBUG:root:[2024-06-01 15:16:35] New Elo for PilotFRACTALFPV = 1522.8642993862943
DEBUG:root:[2024-06-01 15:16:35] New Elo for PilotJUDOOR = 1466.8161602855323
DEBUG:root:[2024-06-01 15:16:35] New Elo for Pilot = 1387.2950167653942
DEBUG:root:[2024-06-01 15:16:35] New Elo for Pilot = 1408.5527035102723
DEBUG:root:[2024-06-01 15:16:35] New Elo for Pilot = 1339.2280218422202
DEBUG:root:[2024-06-01 15:16:35] New Elo for Pilot = 1377.7514404030783
DEBUG:root:[2024-06-01 15:16:35] New Elo for PilotMERIADEG = 1309.6525751523066
DEBUG:root:[2024-06-01 15:16:35] New Elo for PilotARNAUD = 1268.463937993809
DEBUG:root:[2024-06-01 15:16:35] New Elo for Pilot = 1289.5965714788776
DEBUG:root:[2024-06-01 15:16:35] New Elo for PilotBABA FPV = 1216.8184645233878
DEBUG:root:[2024-06-01 15:16:35] New Elo for Pilot = 1197.3363272719305
DEBUG:root:[2024-06-01 15:16:35] ENTERING RACE : DRP_04_Mai
DEBUG:root:[2024-06-01 15:16:35] New Elo for PilotVIOFLY = 1727.8103530219587
DEBUG:root:[2024-06-01 15:16:35] New Elo for PilotGPW = 1631.6751458462832
DEBUG:root:[2024-06-01 15:16:35] New Elo for PilotMATHOU = 1696.7009538851898
DEBUG:root:[2024-06-01 15:16:35] New Elo for PilotFRALOU = 1563.9699316908213
DEBUG:root:[2024-06-01 15:16:35] New Elo for PilotBABA FPV = 1306.794099064673
DEBUG:root:[2024-06-01 15:16:35] New Elo for Pilot = 1471.9993428139485
DEBUG:root:[2024-06-01 15:16:35] New Elo for Pilot = 1481.6288177430622
DEBUG:root:[2024-06-01 15:16:35] New Elo for Pilot20SY = 1461.6288177430622
DEBUG:root:[2024-06-01 15:16:35] New Elo for Pilot = 1441.6288177430622
DEBUG:root:[2024-06-01 15:16:35] New Elo for Pilot = 1421.6288177430622
DEBUG:root:[2024-06-01 15:16:35] New Elo for Pilot = 1328.4298648051288
DEBUG:root:[2024-06-01 15:16:35] ENTERING RACE : DRP_05_Mai
DEBUG:root:[2024-06-01 15:16:35] New Elo for PilotMATHOU = 1751.0619344541585
DEBUG:root:[2024-06-01 15:16:35] New Elo for PilotMATTOON = 1589.3606791464254
DEBUG:root:[2024-06-01 15:16:35] New Elo for PilotFRALOU = 1614.8376797133858
DEBUG:root:[2024-06-01 15:16:35] New Elo for PilotVIOFLY = 1714.839348984648
DEBUG:root:[2024-06-01 15:16:35] New Elo for PilotGPW = 1622.998604566576
DEBUG:root:[2024-06-01 15:16:35] New Elo for Pilot20SY = 1483.741833205363
DEBUG:root:[2024-06-01 15:16:35] New Elo for Pilot = 1477.6151813387412
DEBUG:root:[2024-06-01 15:16:35] New Elo for Pilot = 1450.9398425512404
DEBUG:root:[2024-06-01 15:16:35] New Elo for PilotBABA FPV = 1312.6571123457531
DEBUG:root:[2024-06-01 15:16:35] New Elo for Pilot = 1389.8192117011654
DEBUG:root:[2024-06-01 15:16:35] New Elo for Pilot = 1288.7904860038925
DEBUG:root:[2024-06-01 15:16:35] New Elo for Pilot = 1335.8186983118421
DEBUG:root:[2024-06-01 15:16:35] ENTERING RACE : FAI_FRANCE_FFR
DEBUG:root:[2024-06-01 15:16:35] New Elo for PilotKILLIAN = 1838.849687447751
DEBUG:root:[2024-06-01 15:16:35] New Elo for PilotFENOMAN = 1869.2658778344626
DEBUG:root:[2024-06-01 15:16:35] New Elo for PilotAVALT = 1882.3482573193264
DEBUG:root:[2024-06-01 15:16:35] New Elo for PilotPASTIS = 1845.6158563530814
DEBUG:root:[2024-06-01 15:16:35] New Elo for PilotAVASSIN = 1792.9769471663246
DEBUG:root:[2024-06-01 15:16:35] New Elo for PilotBEAR RACER = 1750.927106056991
DEBUG:root:[2024-06-01 15:16:35] New Elo for PilotLEVIO = 1676.224666631433
DEBUG:root:[2024-06-01 15:16:35] New Elo for PilotYAYOU = 1789.1792516356436
DEBUG:root:[2024-06-01 15:16:35] New Elo for PilotSUPER EWEN = 1723.0009722935208
DEBUG:root:[2024-06-01 15:16:35] New Elo for PilotVIOFLY = 1685.9533437344162
DEBUG:root:[2024-06-01 15:16:35] New Elo for PilotMATHOU = 1684.8080107984954
DEBUG:root:[2024-06-01 15:16:35] New Elo for PilotFRALOU = 1595.603930326945
DEBUG:root:[2024-06-01 15:16:35] New Elo for PilotSARPOON = 1610.0255948391907
DEBUG:root:[2024-06-01 15:16:35] New Elo for PilotMATTOON = 1542.7026631946214
DEBUG:root:[2024-06-01 15:16:35] New Elo for Pilot = 1475.3468968724271
DEBUG:root:[2024-06-01 15:16:35] New Elo for PilotFRACTALFPV = 1467.877896801416
DEBUG:root:[2024-06-01 15:16:35] New Elo for Pilot = 1435.3468968724271
DEBUG:root:[2024-06-01 15:16:35] New Elo for PilotRASTAPOPOULOS94 = 1345.124766915013
DEBUG:root:[2024-06-01 15:16:35] New Elo for PilotBABA FPV = 1276.8521618604975
DEBUG:root:[2024-06-01 15:16:35] New Elo for Pilot20SY = 1366.2210999923577
DEBUG:root:[2024-06-01 15:16:35] Done Calculating
DEBUG:root:[2024-06-01 15:16:41] CURRENT RANKING with 3 race(s):
DEBUG:root:[2024-06-01 15:16:41] |#|ELO|LICENCE|PSEUDO|PRENOM|NOM DE FAMILLE|
DEBUG:root:[2024-06-01 15:16:41] |:-|:-|:-:|:-:|:-:|:-:|
DEBUG:root:[2024-06-01 15:16:41] |01|1882|2102235|AVALT|Arthur|VALTIER|
DEBUG:root:[2024-06-01 15:16:41] |02|1869|1701954|FENOMAN|Bailleau|GUILLAUME|
DEBUG:root:[2024-06-01 15:16:41] |03|1845|1303854|PASTIS|Dorian|COUAILLES|
DEBUG:root:[2024-06-01 15:16:41] |04|1838|1401260|KILLIAN|Killian|ROUSSEAU|
DEBUG:root:[2024-06-01 15:16:41] |05|1792|2000421|AVASSIN|Lucas|BEAUDOUIN|
DEBUG:root:[2024-06-01 15:16:41] |06|1789|1702320|YAYOU|Swan|VERSMISSEN|
DEBUG:root:[2024-06-01 15:16:41] |07|1750|1900076|BEAR RACER|Arthur|POLI|
DEBUG:root:[2024-06-01 15:16:41] |08|1723|1700078|SUPER EWEN|Ewen|GOIN|
DEBUG:root:[2024-06-01 15:16:41] |09|1685|1803004|VIOFLY|Thibault|BILLARD|
DEBUG:root:[2024-06-01 15:16:41] |10|1684|2301745|MATHOU|Mathias|ALBORGHETTI|
DEBUG:root:[2024-06-01 15:16:41] |11|1676|2302066|LEVIO|Thimote|LEVIONAIS|
DEBUG:root:[2024-06-01 15:16:41] |12|1622|1604142|GPW|Jerome|ULRICH|
DEBUG:root:[2024-06-01 15:16:41] |13|1610|1802658|SARPOON|Aurelien|DUVAL|
DEBUG:root:[2024-06-01 15:16:41] |14|1595|1227815|FRALOU|Franck|ALBORGHETTI|
DEBUG:root:[2024-06-01 15:16:41] |15|1546|2300281|YAKUZA_FPV|Thibaut|GIETHLEN|
DEBUG:root:[2024-06-01 15:16:41] |16|1542|2301855|MATTOON|Matti|ROCHE|
DEBUG:root:[2024-06-01 15:16:41] |17|1467|1802994|FRACTALFPV|Aurelien|CAMPS|
DEBUG:root:[2024-06-01 15:16:41] |18|1450|2200679||Christophe|ANTOINE|
DEBUG:root:[2024-06-01 15:16:41] |19|1405|2101626|DEBAZ|Maxime|CAVICCHI|
DEBUG:root:[2024-06-01 15:16:41] |20|1387|2302122||Steven|COLLONGUES|
DEBUG:root:[2024-06-01 15:16:41] |21|1366|1802030|20SY|Sylvain|MOGENY|
DEBUG:root:[2024-06-01 15:16:41] |22|1345|2100246|RASTAPOPOULOS94|Marc|ONZON|
DEBUG:root:[2024-06-01 15:16:41] |23|1288|2401714||Emilie|RISCHARD|
DEBUG:root:[2024-06-01 15:16:41] |24|1276|1504811|BABA FPV|Bastien|LEDUC|
DEBUG:root:[2024-06-01 15:17:36] Finished calculating rankings... Exiting !
DEBUG:root:[2024-07-24 15:47:23] Welcome to the ELO CALCULATOR !! v2.0
DEBUG:root:[2024-07-24 15:47:23] Connecting to DB : database.db
DEBUG:root:[2024-07-24 15:47:32] List of all races
DEBUG:root:[2024-07-24 15:47:32] 1 | Multiplier: 1 | 2023-09-17 | NEVER_DISARM_2
DEBUG:root:[2024-07-24 15:47:32] 2 | Multiplier: 1 | 2024-02-24 | FMR_001
DEBUG:root:[2024-07-24 15:47:32] 3 | Multiplier: 1 | 2024-04-06 | FUN_FLY_CLUB_06_AVRIL
DEBUG:root:[2024-07-24 15:47:32] 4 | Multiplier: 1 | 2024-04-07 | FUN_FLY_CLUB_07_AVRIL
DEBUG:root:[2024-07-24 15:47:32] 5 | Multiplier: 1 | 2024-04-20 | GFPV_CAP_MALO_1
DEBUG:root:[2024-07-24 15:47:32] 6 | Multiplier: 1 | 2024-04-21 | GFPV_CAP_MALO_2
DEBUG:root:[2024-07-24 15:47:32] 7 | Multiplier: 1 | 2024-05-04 | DRP_04_Mai
DEBUG:root:[2024-07-24 15:47:32] 8 | Multiplier: 1 | 2024-05-05 | DRP_05_Mai
DEBUG:root:[2024-07-24 15:47:32] 9 | Multiplier: 1 | 2024-05-19 | FAI_FRANCE_FFR
DEBUG:root:[2024-07-24 15:47:46] CURRENT RANKING with 3 race(s):
DEBUG:root:[2024-07-24 15:47:46] |#|ELO|LICENCE|PSEUDO|PRENOM|NOM DE FAMILLE|
DEBUG:root:[2024-07-24 15:47:46] |:-|:-|:-:|:-:|:-:|:-:|
DEBUG:root:[2024-07-24 15:47:46] |01|1882|2102235|AVALT|Arthur|VALTIER|
DEBUG:root:[2024-07-24 15:47:46] |02|1869|1701954|FENOMAN|Bailleau|GUILLAUME|
DEBUG:root:[2024-07-24 15:47:46] |03|1845|1303854|PASTIS|Dorian|COUAILLES|
DEBUG:root:[2024-07-24 15:47:46] |04|1838|1401260|KILLIAN|Killian|ROUSSEAU|
DEBUG:root:[2024-07-24 15:47:46] |05|1792|2000421|AVASSIN|Lucas|BEAUDOUIN|
DEBUG:root:[2024-07-24 15:47:46] |06|1789|1702320|YAYOU|Swan|VERSMISSEN|
DEBUG:root:[2024-07-24 15:47:46] |07|1750|1900076|BEAR RACER|Arthur|POLI|
DEBUG:root:[2024-07-24 15:47:46] |08|1723|1700078|SUPER EWEN|Ewen|GOIN|
DEBUG:root:[2024-07-24 15:47:46] |09|1685|1803004|VIOFLY|Thibault|BILLARD|
DEBUG:root:[2024-07-24 15:47:46] |10|1684|2301745|MATHOU|Mathias|ALBORGHETTI|
DEBUG:root:[2024-07-24 15:47:46] |11|1676|2302066|LEVIO|Thimote|LEVIONAIS|
DEBUG:root:[2024-07-24 15:47:46] |12|1622|1604142|GPW|Jerome|ULRICH|
DEBUG:root:[2024-07-24 15:47:46] |13|1610|1802658|SARPOON|Aurelien|DUVAL|
DEBUG:root:[2024-07-24 15:47:46] |14|1595|1227815|FRALOU|Franck|ALBORGHETTI|
DEBUG:root:[2024-07-24 15:47:46] |15|1546|2300281|YAKUZA_FPV|Thibaut|GIETHLEN|
DEBUG:root:[2024-07-24 15:47:46] |16|1542|2301855|MATTOON|Matti|ROCHE|
DEBUG:root:[2024-07-24 15:47:46] |17|1467|1802994|FRACTALFPV|Aurelien|CAMPS|
DEBUG:root:[2024-07-24 15:47:46] |18|1450|2200679||Christophe|ANTOINE|
DEBUG:root:[2024-07-24 15:47:46] |19|1405|2101626|DEBAZ|Maxime|CAVICCHI|
DEBUG:root:[2024-07-24 15:47:46] |20|1387|2302122||Steven|COLLONGUES|
DEBUG:root:[2024-07-24 15:47:46] |21|1366|1802030|20SY|Sylvain|MOGENY|
DEBUG:root:[2024-07-24 15:47:46] |22|1345|2100246|RASTAPOPOULOS94|Marc|ONZON|
DEBUG:root:[2024-07-24 15:47:46] |23|1288|2401714||Emilie|RISCHARD|
DEBUG:root:[2024-07-24 15:47:46] |24|1276|1504811|BABA FPV|Bastien|LEDUC|
DEBUG:root:[2024-07-24 15:56:23] List of all races
DEBUG:root:[2024-07-24 15:56:23] 1 | Multiplier: 1 | 2023-09-17 | NEVER_DISARM_2
DEBUG:root:[2024-07-24 15:56:23] 2 | Multiplier: 1 | 2024-02-24 | FMR_001
DEBUG:root:[2024-07-24 15:56:23] 3 | Multiplier: 1 | 2024-04-06 | FUN_FLY_CLUB_06_AVRIL
DEBUG:root:[2024-07-24 15:56:23] 4 | Multiplier: 1 | 2024-04-07 | FUN_FLY_CLUB_07_AVRIL
DEBUG:root:[2024-07-24 15:56:23] 5 | Multiplier: 1 | 2024-04-20 | GFPV_CAP_MALO_1
DEBUG:root:[2024-07-24 15:56:23] 6 | Multiplier: 1 | 2024-04-21 | GFPV_CAP_MALO_2
DEBUG:root:[2024-07-24 15:56:23] 7 | Multiplier: 1 | 2024-05-04 | DRP_04_Mai
DEBUG:root:[2024-07-24 15:56:23] 8 | Multiplier: 1 | 2024-05-05 | DRP_05_Mai
DEBUG:root:[2024-07-24 15:56:23] 9 | Multiplier: 1 | 2024-05-19 | FAI_FRANCE_FFR
DEBUG:root:[2024-07-24 15:56:35] Adding a single race
DEBUG:root:[2024-07-24 15:56:59] Welcome to the ELO CALCULATOR !! v2.0
DEBUG:root:[2024-07-24 15:56:59] Connecting to DB : database.db
DEBUG:root:[2024-07-24 15:57:07] Adding a single race
DEBUG:root:[2024-07-24 15:57:43] Welcome to the ELO CALCULATOR !! v2.0
DEBUG:root:[2024-07-24 15:57:43] Connecting to DB : database.db
DEBUG:root:[2024-07-24 15:57:55] Adding a single race
DEBUG:root:[2024-07-24 15:58:12] Welcome to the ELO CALCULATOR !! v2.0
DEBUG:root:[2024-07-24 15:58:12] Connecting to DB : database.db
DEBUG:root:[2024-07-24 15:58:15] Adding a single race
DEBUG:root:[2024-07-24 15:59:33] Welcome to the ELO CALCULATOR !! v2.0
DEBUG:root:[2024-07-24 15:59:33] Connecting to DB : database.db
DEBUG:root:[2024-07-24 15:59:38] Adding list of files
DEBUG:root:[2024-07-24 15:59:41] Race already added
DEBUG:root:[2024-07-24 15:59:41] Race already added
DEBUG:root:[2024-07-24 15:59:41] Race already added
DEBUG:root:[2024-07-24 15:59:41] Race already added
DEBUG:root:[2024-07-24 15:59:41] Race already added
DEBUG:root:[2024-07-24 15:59:41] Race already added
DEBUG:root:[2024-07-24 15:59:41] Race already added
DEBUG:root:[2024-07-24 15:59:41] Race already added
DEBUG:root:[2024-07-24 15:59:41] Race already added
DEBUG:root:[2024-07-24 16:01:15] Welcome to the ELO CALCULATOR !! v2.0
DEBUG:root:[2024-07-24 16:01:15] Connecting to DB : database.db
DEBUG:root:[2024-07-24 16:01:25] List of all races
DEBUG:root:[2024-07-24 16:01:25] 1 | Multiplier: 1 | 2023-09-17 | NEVER_DISARM_2
DEBUG:root:[2024-07-24 16:01:25] 2 | Multiplier: 1 | 2024-02-24 | FMR_001
DEBUG:root:[2024-07-24 16:01:25] 3 | Multiplier: 1 | 2024-04-06 | FUN_FLY_CLUB_06_AVRIL
DEBUG:root:[2024-07-24 16:01:25] 4 | Multiplier: 1 | 2024-04-07 | FUN_FLY_CLUB_07_AVRIL
DEBUG:root:[2024-07-24 16:01:25] 5 | Multiplier: 1 | 2024-04-20 | GFPV_CAP_MALO_1
DEBUG:root:[2024-07-24 16:01:25] 6 | Multiplier: 1 | 2024-04-21 | GFPV_CAP_MALO_2
DEBUG:root:[2024-07-24 16:01:25] 7 | Multiplier: 1 | 2024-05-04 | DRP_04_Mai
DEBUG:root:[2024-07-24 16:01:25] 8 | Multiplier: 1 | 2024-05-05 | DRP_05_Mai
DEBUG:root:[2024-07-24 16:01:25] 9 | Multiplier: 1 | 2024-05-19 | FAI_FRANCE_FFR
DEBUG:root:[2024-07-24 16:01:39] Adding list of files
DEBUG:root:[2024-07-24 16:01:45] Welcome to the ELO CALCULATOR !! v2.0
DEBUG:root:[2024-07-24 16:01:45] Connecting to DB : database.db
DEBUG:root:[2024-07-24 16:01:49] Adding list of files
DEBUG:root:[2024-07-24 16:01:52] Race already added
DEBUG:root:[2024-07-24 16:01:52] Race already added
DEBUG:root:[2024-07-24 16:01:52] Race already added
DEBUG:root:[2024-07-24 16:01:52] Race already added
DEBUG:root:[2024-07-24 16:01:52] Race already added
DEBUG:root:[2024-07-24 16:01:52] Race already added
DEBUG:root:[2024-07-24 16:01:52] Race already added
DEBUG:root:[2024-07-24 16:01:52] Race already added
DEBUG:root:[2024-07-24 16:01:52] Race already added
DEBUG:root:[2024-07-24 16:07:20] Welcome to the ELO CALCULATOR !! v2.0
DEBUG:root:[2024-07-24 16:07:20] Connecting to DB : database.db
DEBUG:root:[2024-07-24 16:07:26] Adding list of files
DEBUG:root:[2024-07-24 16:07:30] Race already added
DEBUG:root:[2024-07-24 16:07:30] Race already added
DEBUG:root:[2024-07-24 16:07:30] Race already added
DEBUG:root:[2024-07-24 16:07:30] Race already added
DEBUG:root:[2024-07-24 16:07:30] Race already added
DEBUG:root:[2024-07-24 16:07:30] Race already added
DEBUG:root:[2024-07-24 16:07:30] Race already added
DEBUG:root:[2024-07-24 16:07:30] Race already added
DEBUG:root:[2024-07-24 16:07:30] Race already added
DEBUG:root:[2024-07-24 16:13:03] Welcome to the ELO CALCULATOR !! v2.0
DEBUG:root:[2024-07-24 16:13:03] Connecting to DB : database.db
DEBUG:root:[2024-07-24 16:13:10] Adding list of files
DEBUG:root:[2024-07-24 16:13:13] Race already added
DEBUG:root:[2024-07-24 16:13:13] Race already added
DEBUG:root:[2024-07-24 16:13:13] Race already added
DEBUG:root:[2024-07-24 16:13:13] Race already added
DEBUG:root:[2024-07-24 16:13:13] Race already added
DEBUG:root:[2024-07-24 16:13:13] Race already added
DEBUG:root:[2024-07-24 16:13:13] Race already added
DEBUG:root:[2024-07-24 16:13:13] Race already added
DEBUG:root:[2024-07-24 16:13:13] Race already added
DEBUG:root:[2024-07-24 16:18:31] Welcome to the ELO CALCULATOR !! v2.0
DEBUG:root:[2024-07-24 16:18:31] Connecting to DB : database.db
DEBUG:root:[2024-07-24 16:18:36] Adding list of files
DEBUG:root:[2024-07-24 16:18:39] Race already added
DEBUG:root:[2024-07-24 16:18:39] Race already added
DEBUG:root:[2024-07-24 16:18:39] Race already added
DEBUG:root:[2024-07-24 16:18:39] Race already added
DEBUG:root:[2024-07-24 16:18:39] Race already added
DEBUG:root:[2024-07-24 16:18:39] Race already added
DEBUG:root:[2024-07-24 16:18:39] Race already added
DEBUG:root:[2024-07-24 16:18:39] Race already added
DEBUG:root:[2024-07-24 16:18:39] Race already added
DEBUG:root:[2024-07-24 16:18:39] All files added
DEBUG:root:[2024-07-24 16:18:46] List of all races
DEBUG:root:[2024-07-24 16:18:46] 1 | Multiplier: 1 | 2023-09-17 | NEVER_DISARM_2
DEBUG:root:[2024-07-24 16:18:46] 2 | Multiplier: 1 | 2024-02-24 | FMR_001
DEBUG:root:[2024-07-24 16:18:46] 3 | Multiplier: 1 | 2024-04-06 | FUN_FLY_CLUB_06_AVRIL
DEBUG:root:[2024-07-24 16:18:46] 4 | Multiplier: 1 | 2024-04-07 | FUN_FLY_CLUB_07_AVRIL
DEBUG:root:[2024-07-24 16:18:46] 5 | Multiplier: 1 | 2024-04-20 | GFPV_CAP_MALO_1
DEBUG:root:[2024-07-24 16:18:46] 6 | Multiplier: 1 | 2024-04-21 | GFPV_CAP_MALO_2
DEBUG:root:[2024-07-24 16:18:46] 7 | Multiplier: 1 | 2024-05-04 | DRP_04_Mai
DEBUG:root:[2024-07-24 16:18:46] 8 | Multiplier: 1 | 2024-05-05 | DRP_05_Mai
DEBUG:root:[2024-07-24 16:18:46] 9 | Multiplier: 1 | 2024-05-19 | FAI_FRANCE_FFR
DEBUG:root:[2024-07-24 16:18:46] 10 | Multiplier: 1 | 2024-06-08 | DRP_06
DEBUG:root:[2024-07-24 16:18:46] 11 | Multiplier: 1 | 2024-06-09 | DRP_07
DEBUG:root:[2024-07-24 16:18:46] 12 | Multiplier: 1 | 2024-07-07 | GFPV_3
DEBUG:root:[2024-07-24 16:18:57] Calculating ranking with given races
DEBUG:root:[2024-07-24 16:18:57] Resetting Elo for Pilot : AVALT = 1500
DEBUG:root:[2024-07-24 16:18:57] Resetting Elo for Pilot : FENOMAN = 1500
DEBUG:root:[2024-07-24 16:18:57] Resetting Elo for Pilot : PASTIS = 1500
DEBUG:root:[2024-07-24 16:18:57] Resetting Elo for Pilot : KILLIAN = 1500
DEBUG:root:[2024-07-24 16:18:57] Resetting Elo for Pilot : AVASSIN = 1500
DEBUG:root:[2024-07-24 16:18:57] Resetting Elo for Pilot : YAYOU = 1500
DEBUG:root:[2024-07-24 16:18:57] Resetting Elo for Pilot : BEAR RACER = 1500
DEBUG:root:[2024-07-24 16:18:57] Resetting Elo for Pilot : SUPER EWEN = 1500
DEBUG:root:[2024-07-24 16:18:57] Resetting Elo for Pilot : VIOFLY = 1500
DEBUG:root:[2024-07-24 16:18:57] Resetting Elo for Pilot : MATHOU = 1500
DEBUG:root:[2024-07-24 16:18:57] Resetting Elo for Pilot : LEVIO = 1500
DEBUG:root:[2024-07-24 16:18:57] Resetting Elo for Pilot : GPW = 1500
DEBUG:root:[2024-07-24 16:18:57] Resetting Elo for Pilot : SARPOON = 1500
DEBUG:root:[2024-07-24 16:18:57] Resetting Elo for Pilot : FRALOU = 1500
DEBUG:root:[2024-07-24 16:18:57] Resetting Elo for Pilot : YAKUZA_FPV = 1500
DEBUG:root:[2024-07-24 16:18:57] Resetting Elo for Pilot : MATTOON = 1500
DEBUG:root:[2024-07-24 16:18:57] Resetting Elo for Pilot :  = 1500
DEBUG:root:[2024-07-24 16:18:57] Resetting Elo for Pilot : FENOMAN = 1500
DEBUG:root:[2024-07-24 16:18:57] Resetting Elo for Pilot :  = 1500
DEBUG:root:[2024-07-24 16:18:57] Resetting Elo for Pilot :  = 1500
DEBUG:root:[2024-07-24 16:18:57] Resetting Elo for Pilot :  = 1500
DEBUG:root:[2024-07-24 16:18:57] Resetting Elo for Pilot :   = 1500
DEBUG:root:[2024-07-24 16:18:57] Resetting Elo for Pilot :  = 1500
DEBUG:root:[2024-07-24 16:18:57] Resetting Elo for Pilot :  = 1500
DEBUG:root:[2024-07-24 16:18:57] Resetting Elo for Pilot : FRACTALFPV = 1500
DEBUG:root:[2024-07-24 16:18:57] Resetting Elo for Pilot : JUDOOR = 1500
DEBUG:root:[2024-07-24 16:18:57] Resetting Elo for Pilot :  = 1500
DEBUG:root:[2024-07-24 16:18:57] Resetting Elo for Pilot : CHRIS FPV = 1500
DEBUG:root:[2024-07-24 16:18:57] Resetting Elo for Pilot :  = 1500
DEBUG:root:[2024-07-24 16:18:57] Resetting Elo for Pilot :  = 1500
DEBUG:root:[2024-07-24 16:18:57] Resetting Elo for Pilot :  = 1500
DEBUG:root:[2024-07-24 16:18:57] Resetting Elo for Pilot : STARZ91 = 1500
DEBUG:root:[2024-07-24 16:18:57] Resetting Elo for Pilot :  = 1500
DEBUG:root:[2024-07-24 16:18:57] Resetting Elo for Pilot : DEBAZ = 1500
DEBUG:root:[2024-07-24 16:18:57] Resetting Elo for Pilot :  = 1500
DEBUG:root:[2024-07-24 16:18:57] Resetting Elo for Pilot :  = 1500
DEBUG:root:[2024-07-24 16:18:57] Resetting Elo for Pilot :  = 1500
DEBUG:root:[2024-07-24 16:18:57] Resetting Elo for Pilot : 20SY = 1500
DEBUG:root:[2024-07-24 16:18:57] Resetting Elo for Pilot : RASTAPOPOULOS94 = 1500
DEBUG:root:[2024-07-24 16:18:57] Resetting Elo for Pilot :  = 1500
DEBUG:root:[2024-07-24 16:18:57] Resetting Elo for Pilot :  = 1500
DEBUG:root:[2024-07-24 16:18:57] Resetting Elo for Pilot : MERIADEG = 1500
DEBUG:root:[2024-07-24 16:18:57] Resetting Elo for Pilot :  = 1500
DEBUG:root:[2024-07-24 16:18:57] Resetting Elo for Pilot :  = 1500
DEBUG:root:[2024-07-24 16:18:57] Resetting Elo for Pilot : JANLEBELG = 1500
DEBUG:root:[2024-07-24 16:18:57] Resetting Elo for Pilot : BABA FPV = 1500
DEBUG:root:[2024-07-24 16:18:57] Resetting Elo for Pilot :  = 1500
DEBUG:root:[2024-07-24 16:18:57] Resetting Elo for Pilot : ARNAUD = 1500
DEBUG:root:[2024-07-24 16:18:57] Resetting Elo for Pilot :  = 1500
DEBUG:root:[2024-07-24 16:18:57] ENTERING RACE : NEVER_DISARM_2
DEBUG:root:[2024-07-24 16:18:57] New Elo for PilotKILLIAN = 1590.0
DEBUG:root:[2024-07-24 16:18:57] New Elo for PilotGPW = 1570.0
DEBUG:root:[2024-07-24 16:18:57] New Elo for PilotPASTIS = 1550.0
DEBUG:root:[2024-07-24 16:18:57] New Elo for PilotMATHOU = 1530.0
DEBUG:root:[2024-07-24 16:18:57] New Elo for PilotYAKUZA_FPV = 1510.0
DEBUG:root:[2024-07-24 16:18:57] New Elo for PilotVIOFLY = 1490.0
DEBUG:root:[2024-07-24 16:18:57] New Elo for PilotDEBAZ = 1470.0
DEBUG:root:[2024-07-24 16:18:57] New Elo for PilotSARPOON = 1450.0
DEBUG:root:[2024-07-24 16:18:57] New Elo for PilotFRACTALFPV = 1430.0
DEBUG:root:[2024-07-24 16:18:57] New Elo for PilotFRALOU = 1410.0
DEBUG:root:[2024-07-24 16:18:57] ENTERING RACE : FMR_001
DEBUG:root:[2024-07-24 16:18:57] New Elo for PilotKILLIAN = 1661.2176009587058
DEBUG:root:[2024-07-24 16:18:57] New Elo for PilotVIOFLY = 1571.7012847947244
DEBUG:root:[2024-07-24 16:18:57] New Elo for PilotMATHOU = 1579.2716733678049
DEBUG:root:[2024-07-24 16:18:57] New Elo for PilotFRALOU = 1476.1266066233868
DEBUG:root:[2024-07-24 16:18:57] New Elo for PilotFRACTALFPV = 1470.1689329177434
DEBUG:root:[2024-07-24 16:18:57] New Elo for PilotMATTOON = 1498.5856502229392
DEBUG:root:[2024-07-24 16:18:57] New Elo for Pilot  = 1478.5856502229392
DEBUG:root:[2024-07-24 16:18:57] New Elo for Pilot = 1458.5856502229392
DEBUG:root:[2024-07-24 16:18:57] New Elo for Pilot = 1438.5856502229392
DEBUG:root:[2024-07-24 16:18:57] New Elo for Pilot = 1418.5856502229392
DEBUG:root:[2024-07-24 16:18:57] New Elo for Pilot = 1398.5856502229392
DEBUG:root:[2024-07-24 16:18:57] ENTERING RACE : FUN_FLY_CLUB_06_AVRIL
DEBUG:root:[2024-07-24 16:18:57] New Elo for PilotAVASSIN = 1652.1616172869253
DEBUG:root:[2024-07-24 16:18:57] New Elo for PilotBEAR RACER = 1632.1616172869253
DEBUG:root:[2024-07-24 16:18:57] New Elo for PilotMATHOU = 1655.6868809420712
DEBUG:root:[2024-07-24 16:18:57] New Elo for PilotSUPER EWEN = 1592.1616172869253
DEBUG:root:[2024-07-24 16:18:57] New Elo for PilotVIOFLY = 1611.4406933087905
DEBUG:root:[2024-07-24 16:18:57] New Elo for PilotLEVIO = 1552.1616172869253
DEBUG:root:[2024-07-24 16:18:57] New Elo for PilotYAKUZA_FPV = 1537.5882808636325
DEBUG:root:[2024-07-24 16:18:57] New Elo for PilotFRACTALFPV = 1495.9248156829801
DEBUG:root:[2024-07-24 16:18:57] New Elo for PilotFRALOU = 1479.1792421764733
DEBUG:root:[2024-07-24 16:18:57] New Elo for PilotCHRIS FPV = 1472.1616172869253
DEBUG:root:[2024-07-24 16:18:57] New Elo for PilotDEBAZ = 1435.8324118604594
DEBUG:root:[2024-07-24 16:18:57] New Elo for PilotRASTAPOPOULOS94 = 1432.1616172869253
DEBUG:root:[2024-07-24 16:18:57] New Elo for PilotSTARZ91 = 1412.1616172869253
DEBUG:root:[2024-07-24 16:18:57] New Elo for Pilot = 1392.1616172869253
DEBUG:root:[2024-07-24 16:18:57] New Elo for PilotBABA FPV = 1372.1616172869253
DEBUG:root:[2024-07-24 16:18:57] New Elo for Pilot = 1352.1616172869253
DEBUG:root:[2024-07-24 16:18:57] ENTERING RACE : FUN_FLY_CLUB_07_AVRIL
DEBUG:root:[2024-07-24 16:18:57] New Elo for PilotAVASSIN = 1738.116366055919
DEBUG:root:[2024-07-24 16:18:57] New Elo for PilotSUPER EWEN = 1680.2043922712771
DEBUG:root:[2024-07-24 16:18:57] New Elo for PilotBEAR RACER = 1685.2633508267509
DEBUG:root:[2024-07-24 16:18:57] New Elo for PilotMATHOU = 1680.4074148090763
DEBUG:root:[2024-07-24 16:18:57] New Elo for PilotVIOFLY = 1632.1850194344074
DEBUG:root:[2024-07-24 16:18:57] New Elo for PilotLEVIO = 1575.7859877710275
DEBUG:root:[2024-07-24 16:18:57] New Elo for PilotYAKUZA_FPV = 1546.9902502496727
DEBUG:root:[2024-07-24 16:18:57] New Elo for PilotFRACTALFPV = 1501.9509493788812
DEBUG:root:[2024-07-24 16:18:57] New Elo for PilotFRALOU = 1471.8698305149892
DEBUG:root:[2024-07-24 16:18:57] New Elo for PilotCHRIS FPV = 1447.6327594205632
DEBUG:root:[2024-07-24 16:18:57] New Elo for PilotDEBAZ = 1405.5023864531502
DEBUG:root:[2024-07-24 16:18:57] New Elo for PilotRASTAPOPOULOS94 = 1383.2424576496865
DEBUG:root:[2024-07-24 16:18:57] New Elo for Pilot = 1338.227819641936
DEBUG:root:[2024-07-24 16:18:57] New Elo for PilotBABA FPV = 1305.4020480715747
DEBUG:root:[2024-07-24 16:18:57] New Elo for Pilot = 1272.325847867823
DEBUG:root:[2024-07-24 16:18:57] ENTERING RACE : GFPV_CAP_MALO_1
DEBUG:root:[2024-07-24 16:18:57] New Elo for PilotYAYOU = 1741.087515060323
DEBUG:root:[2024-07-24 16:18:57] New Elo for PilotPASTIS = 1738.697401822559
DEBUG:root:[2024-07-24 16:18:57] New Elo for PilotSUPER EWEN = 1770.6529483343757
DEBUG:root:[2024-07-24 16:18:57] New Elo for PilotAVALT = 1681.087515060323
DEBUG:root:[2024-07-24 16:18:57] New Elo for PilotMATHOU = 1730.7464854221669
DEBUG:root:[2024-07-24 16:18:57] New Elo for PilotFENOMAN = 1641.087515060323
DEBUG:root:[2024-07-24 16:18:57] New Elo for PilotVIOFLY = 1669.809822103313
DEBUG:root:[2024-07-24 16:18:57] New Elo for PilotAVASSIN = 1699.3992023004494
DEBUG:root:[2024-07-24 16:18:57] New Elo for PilotSARPOON = 1563.133987857521
DEBUG:root:[2024-07-24 16:18:57] New Elo for PilotFRACTALFPV = 1561.773722002108
DEBUG:root:[2024-07-24 16:18:57] New Elo for Pilot = 1541.087515060323
DEBUG:root:[2024-07-24 16:18:57] New Elo for PilotLEVIO = 1548.014825631421
DEBUG:root:[2024-07-24 16:18:57] New Elo for PilotFRALOU = 1491.1011614159609
DEBUG:root:[2024-07-24 16:18:57] New Elo for PilotJUDOOR = 1481.087515060323
DEBUG:root:[2024-07-24 16:18:57] New Elo for Pilot = 1461.087515060323
DEBUG:root:[2024-07-24 16:18:57] New Elo for Pilot = 1441.087515060323
DEBUG:root:[2024-07-24 16:18:57] New Elo for Pilot = 1356.509591437008
DEBUG:root:[2024-07-24 16:18:57] New Elo for Pilot = 1401.087515060323
DEBUG:root:[2024-07-24 16:18:57] New Elo for PilotBABA FPV = 1300.1729838380052
DEBUG:root:[2024-07-24 16:18:57] New Elo for PilotMERIADEG = 1361.087515060323
DEBUG:root:[2024-07-24 16:18:57] New Elo for Pilot = 1341.087515060323
DEBUG:root:[2024-07-24 16:18:57] New Elo for PilotARNAUD = 1321.087515060323
DEBUG:root:[2024-07-24 16:18:57] New Elo for Pilot = 1301.087515060323
DEBUG:root:[2024-07-24 16:18:57] New Elo for PilotJANLEBELG = 1281.087515060323
DEBUG:root:[2024-07-24 16:18:57] ENTERING RACE : GFPV_CAP_MALO_2
DEBUG:root:[2024-07-24 16:18:57] New Elo for PilotAVALT = 1819.096119546092
DEBUG:root:[2024-07-24 16:18:57] New Elo for PilotYAYOU = 1830.8284449208095
DEBUG:root:[2024-07-24 16:18:57] New Elo for PilotFENOMAN = 1759.4438800515934
DEBUG:root:[2024-07-24 16:18:57] New Elo for PilotPASTIS = 1789.5050920761128
DEBUG:root:[2024-07-24 16:18:57] New Elo for PilotSARPOON = 1683.4747218919886
DEBUG:root:[2024-07-24 16:18:57] New Elo for PilotAVASSIN = 1728.4673904045603
DEBUG:root:[2024-07-24 16:18:57] New Elo for PilotSUPER EWEN = 1747.6429148641873
DEBUG:root:[2024-07-24 16:18:57] New Elo for PilotVIOFLY = 1673.4479064097195
DEBUG:root:[2024-07-24 16:18:57] New Elo for PilotMATHOU = 1685.1402331260142
DEBUG:root:[2024-07-24 16:18:57] New Elo for PilotLEVIO = 1576.7070245198263
DEBUG:root:[2024-07-24 16:18:57] New Elo for PilotFRALOU = 1531.3170575952522
DEBUG:root:[2024-07-24 16:18:57] New Elo for Pilot = 1533.616008869506
DEBUG:root:[2024-07-24 16:18:57] New Elo for PilotFRACTALFPV = 1522.8642993862943
DEBUG:root:[2024-07-24 16:18:57] New Elo for PilotJUDOOR = 1466.8161602855323
DEBUG:root:[2024-07-24 16:18:57] New Elo for Pilot = 1387.2950167653942
DEBUG:root:[2024-07-24 16:18:57] New Elo for Pilot = 1408.5527035102723
DEBUG:root:[2024-07-24 16:18:57] New Elo for Pilot = 1339.2280218422202
DEBUG:root:[2024-07-24 16:18:57] New Elo for Pilot = 1377.7514404030783
DEBUG:root:[2024-07-24 16:18:57] New Elo for PilotMERIADEG = 1309.6525751523066
DEBUG:root:[2024-07-24 16:18:57] New Elo for PilotARNAUD = 1268.463937993809
DEBUG:root:[2024-07-24 16:18:57] New Elo for Pilot = 1289.5965714788776
DEBUG:root:[2024-07-24 16:18:57] New Elo for PilotBABA FPV = 1216.8184645233878
DEBUG:root:[2024-07-24 16:18:57] New Elo for Pilot = 1197.3363272719305
DEBUG:root:[2024-07-24 16:18:57] ENTERING RACE : DRP_04_Mai
DEBUG:root:[2024-07-24 16:18:57] New Elo for PilotVIOFLY = 1727.8103530219587
DEBUG:root:[2024-07-24 16:18:57] New Elo for PilotGPW = 1631.6751458462832
DEBUG:root:[2024-07-24 16:18:57] New Elo for PilotMATHOU = 1696.7009538851898
DEBUG:root:[2024-07-24 16:18:57] New Elo for PilotFRALOU = 1563.9699316908213
DEBUG:root:[2024-07-24 16:18:57] New Elo for PilotBABA FPV = 1306.794099064673
DEBUG:root:[2024-07-24 16:18:57] New Elo for Pilot = 1471.9993428139485
DEBUG:root:[2024-07-24 16:18:57] New Elo for Pilot = 1481.6288177430622
DEBUG:root:[2024-07-24 16:18:57] New Elo for Pilot20SY = 1461.6288177430622
DEBUG:root:[2024-07-24 16:18:57] New Elo for Pilot = 1441.6288177430622
DEBUG:root:[2024-07-24 16:18:57] New Elo for Pilot = 1421.6288177430622
DEBUG:root:[2024-07-24 16:18:57] New Elo for Pilot = 1328.4298648051288
DEBUG:root:[2024-07-24 16:18:57] ENTERING RACE : DRP_05_Mai
DEBUG:root:[2024-07-24 16:18:57] New Elo for PilotMATHOU = 1751.0619344541585
DEBUG:root:[2024-07-24 16:18:58] New Elo for PilotMATTOON = 1589.3606791464254
DEBUG:root:[2024-07-24 16:18:58] New Elo for PilotFRALOU = 1614.8376797133858
DEBUG:root:[2024-07-24 16:18:58] New Elo for PilotVIOFLY = 1714.839348984648
DEBUG:root:[2024-07-24 16:18:58] New Elo for PilotGPW = 1622.998604566576
DEBUG:root:[2024-07-24 16:18:58] New Elo for Pilot20SY = 1483.741833205363
DEBUG:root:[2024-07-24 16:18:58] New Elo for Pilot = 1477.6151813387412
DEBUG:root:[2024-07-24 16:18:58] New Elo for Pilot = 1450.9398425512404
DEBUG:root:[2024-07-24 16:18:58] New Elo for PilotBABA FPV = 1312.6571123457531
DEBUG:root:[2024-07-24 16:18:58] New Elo for Pilot = 1389.8192117011654
DEBUG:root:[2024-07-24 16:18:58] New Elo for Pilot = 1288.7904860038925
DEBUG:root:[2024-07-24 16:18:58] New Elo for Pilot = 1335.8186983118421
DEBUG:root:[2024-07-24 16:18:58] ENTERING RACE : FAI_FRANCE_FFR
DEBUG:root:[2024-07-24 16:18:58] New Elo for PilotKILLIAN = 1838.849687447751
DEBUG:root:[2024-07-24 16:18:58] New Elo for PilotFENOMAN = 1869.2658778344626
DEBUG:root:[2024-07-24 16:18:58] New Elo for PilotAVALT = 1882.3482573193264
DEBUG:root:[2024-07-24 16:18:58] New Elo for PilotPASTIS = 1845.6158563530814
DEBUG:root:[2024-07-24 16:18:58] New Elo for PilotAVASSIN = 1792.9769471663246
DEBUG:root:[2024-07-24 16:18:58] New Elo for PilotBEAR RACER = 1750.927106056991
DEBUG:root:[2024-07-24 16:18:58] New Elo for PilotLEVIO = 1676.224666631433
DEBUG:root:[2024-07-24 16:18:58] New Elo for PilotYAYOU = 1789.1792516356436
DEBUG:root:[2024-07-24 16:18:58] New Elo for PilotSUPER EWEN = 1723.0009722935208
DEBUG:root:[2024-07-24 16:18:58] New Elo for PilotVIOFLY = 1685.9533437344162
DEBUG:root:[2024-07-24 16:18:58] New Elo for PilotMATHOU = 1684.8080107984954
DEBUG:root:[2024-07-24 16:18:58] New Elo for PilotFRALOU = 1595.603930326945
DEBUG:root:[2024-07-24 16:18:58] New Elo for PilotSARPOON = 1610.0255948391907
DEBUG:root:[2024-07-24 16:18:58] New Elo for PilotMATTOON = 1542.7026631946214
DEBUG:root:[2024-07-24 16:18:58] New Elo for Pilot = 1475.3468968724271
DEBUG:root:[2024-07-24 16:18:58] New Elo for PilotFRACTALFPV = 1467.877896801416
DEBUG:root:[2024-07-24 16:18:58] New Elo for Pilot = 1435.3468968724271
DEBUG:root:[2024-07-24 16:18:58] New Elo for PilotRASTAPOPOULOS94 = 1345.124766915013
DEBUG:root:[2024-07-24 16:18:58] New Elo for PilotBABA FPV = 1276.8521618604975
DEBUG:root:[2024-07-24 16:18:58] New Elo for Pilot20SY = 1366.2210999923577
DEBUG:root:[2024-07-24 16:18:58] ENTERING RACE : DRP_06
DEBUG:root:[2024-07-24 16:18:58] New Elo for PilotMATHOU = 1755.3113982865166
DEBUG:root:[2024-07-24 16:18:58] New Elo for PilotVIOFLY = 1736.0965743947559
DEBUG:root:[2024-07-24 16:18:58] New Elo for PilotMATTOON = 1624.454496541182
DEBUG:root:[2024-07-24 16:18:58] New Elo for PilotDEBAZ = 1522.8490706059604
DEBUG:root:[2024-07-24 16:18:58] New Elo for PilotYAKUZA_FPV = 1587.0452451778094
DEBUG:root:[2024-07-24 16:18:58] New Elo for Pilot20SY = 1458.9784308696458
DEBUG:root:[2024-07-24 16:18:58] New Elo for PilotBABA FPV = 1381.67488851202
DEBUG:root:[2024-07-24 16:18:58] New Elo for Pilot = 1369.6299798664736
DEBUG:root:[2024-07-24 16:18:58] New Elo for PilotGPW = 1554.324773641411
DEBUG:root:[2024-07-24 16:18:58] New Elo for PilotFRALOU = 1516.946509727097
DEBUG:root:[2024-07-24 16:18:58] New Elo for Pilot = 1373.388667276147
DEBUG:root:[2024-07-24 16:18:58] New Elo for Pilot = 1380.663534121826
DEBUG:root:[2024-07-24 16:18:58] New Elo for Pilot = 1384.3369575555978
DEBUG:root:[2024-07-24 16:18:58] New Elo for Pilot = 1349.9060554721023
DEBUG:root:[2024-07-24 16:18:58] New Elo for Pilot = 1345.6778938194461
DEBUG:root:[2024-07-24 16:18:58] New Elo for Pilot = 1240.0251889604767
DEBUG:root:[2024-07-24 16:18:58] ENTERING RACE : DRP_07
DEBUG:root:[2024-07-24 16:18:58] New Elo for PilotVIOFLY = 1782.977767138854
DEBUG:root:[2024-07-24 16:18:58] New Elo for PilotMATHOU = 1777.9630937148695
DEBUG:root:[2024-07-24 16:18:58] New Elo for PilotGPW = 1611.1616761896146
DEBUG:root:[2024-07-24 16:18:58] New Elo for PilotYAKUZA_FPV = 1613.754203984769
DEBUG:root:[2024-07-24 16:18:58] New Elo for PilotFRALOU = 1545.7421333621005
DEBUG:root:[2024-07-24 16:18:58] New Elo for Pilot = 1436.284724217422
DEBUG:root:[2024-07-24 16:18:58] New Elo for Pilot = 1389.5544818055
DEBUG:root:[2024-07-24 16:18:58] New Elo for Pilot20SY = 1446.7533803917927
DEBUG:root:[2024-07-24 16:18:58] New Elo for PilotDEBAZ = 1469.7348121286518
DEBUG:root:[2024-07-24 16:18:58] New Elo for Pilot = 1332.5070378484136
DEBUG:root:[2024-07-24 16:18:58] New Elo for Pilot = 1326.1822645982268
DEBUG:root:[2024-07-24 16:18:58] New Elo for Pilot = 1313.768229422415
DEBUG:root:[2024-07-24 16:18:58] New Elo for Pilot = 1288.7712860121594
DEBUG:root:[2024-07-24 16:18:58] ENTERING RACE : GFPV_3
DEBUG:root:[2024-07-24 16:18:58] New Elo for PilotAVALT = 1902.1502687717154
DEBUG:root:[2024-07-24 16:18:58] New Elo for PilotFENOMAN = 1581.869973275695
DEBUG:root:[2024-07-24 16:18:58] New Elo for PilotSUPER EWEN = 1728.7463397145364
DEBUG:root:[2024-07-24 16:18:58] New Elo for PilotJUDOOR = 1518.3995271686824
DEBUG:root:[2024-07-24 16:18:58] New Elo for PilotARNAUD = 1355.3086161608662
DEBUG:root:[2024-07-24 16:18:58] New Elo for Pilot = 1422.2054205588593
DEBUG:root:[2024-07-24 16:18:58] New Elo for PilotMERIADEG = 1346.0783733044073
DEBUG:root:[2024-07-24 16:18:58] New Elo for Pilot = 1397.2864273206908
DEBUG:root:[2024-07-24 16:18:58] New Elo for Pilot = 1441.869973275695
DEBUG:root:[2024-07-24 16:18:58] New Elo for Pilot = 1421.869973275695
DEBUG:root:[2024-07-24 16:18:58] New Elo for Pilot = 1401.869973275695
DEBUG:root:[2024-07-24 16:18:58] New Elo for Pilot = 1267.7027790598445
DEBUG:root:[2024-07-24 16:18:58] Done Calculating
DEBUG:root:[2024-07-24 16:19:08] CURRENT RANKING with 3 race(s):
DEBUG:root:[2024-07-24 16:19:08] |#|ELO|LICENCE|PSEUDO|PRENOM|NOM DE FAMILLE|
DEBUG:root:[2024-07-24 16:19:08] |:-|:-|:-:|:-:|:-:|:-:|
DEBUG:root:[2024-07-24 16:19:08] |01|1902|2102235|AVALT|Arthur|VALTIER|
DEBUG:root:[2024-07-24 16:19:08] |02|1869|1701954|FENOMAN|Bailleau|GUILLAUME|
DEBUG:root:[2024-07-24 16:19:08] |03|1845|1303854|PASTIS|Dorian|COUAILLES|
DEBUG:root:[2024-07-24 16:19:08] |04|1838|1401260|KILLIAN|Killian|ROUSSEAU|
DEBUG:root:[2024-07-24 16:19:08] |05|1792|2000421|AVASSIN|Lucas|BEAUDOUIN|
DEBUG:root:[2024-07-24 16:19:08] |06|1789|1702320|YAYOU|Swan|VERSMISSEN|
DEBUG:root:[2024-07-24 16:19:08] |07|1782|1803004|VIOFLY|Thibault|BILLARD|
DEBUG:root:[2024-07-24 16:19:08] |08|1777|2301745|MATHOU|Mathias|ALBORGHETTI|
DEBUG:root:[2024-07-24 16:19:08] |09|1750|1900076|BEAR RACER|Arthur|POLI|
DEBUG:root:[2024-07-24 16:19:08] |10|1728|1700078|SUPER EWEN|Ewen|GOIN|
DEBUG:root:[2024-07-24 16:19:08] |11|1676|2302066|LEVIO|Thimote|LEVIONAIS|
DEBUG:root:[2024-07-24 16:19:08] |12|1624|2301855|MATTOON|Matti|ROCHE|
DEBUG:root:[2024-07-24 16:19:08] |13|1613|2300281|YAKUZA_FPV|Thibaut|GIETHLEN|
DEBUG:root:[2024-07-24 16:19:08] |14|1611|1604142|GPW|Jerome|ULRICH|
DEBUG:root:[2024-07-24 16:19:08] |15|1610|1802658|SARPOON|Aurelien|DUVAL|
DEBUG:root:[2024-07-24 16:19:08] |16|1545|1227815|FRALOU|Franck|ALBORGHETTI|
DEBUG:root:[2024-07-24 16:19:08] |17|1518|1301829|JUDOOR|Julien|BARRE|
DEBUG:root:[2024-07-24 16:19:08] |18|1469|2101626|DEBAZ|Maxime|CAVICCHI|
DEBUG:root:[2024-07-24 16:19:08] |19|1467|1802994|FRACTALFPV|Aurelien|CAMPS|
DEBUG:root:[2024-07-24 16:19:08] |20|1446|1802030|20SY|Sylvain|MOGENY|
DEBUG:root:[2024-07-24 16:19:08] |21|1436|2401958||Anthony|DANIAU|
DEBUG:root:[2024-07-24 16:19:08] |22|1422|2302122||Steven|COLLONGUES|
DEBUG:root:[2024-07-24 16:19:08] |23|1397|1900168||Robin|DUBUT-CHEVILLON|
DEBUG:root:[2024-07-24 16:19:08] |24|1389|2301959||Noemie|FOUCHERIQ|
DEBUG:root:[2024-07-24 16:19:08] |25|1381|1504811|BABA FPV|Bastien|LEDUC|
DEBUG:root:[2024-07-24 16:19:08] |26|1355|2102036|ARNAUD|Arnaud|MORIN|
DEBUG:root:[2024-07-24 16:19:08] |27|1346|2301650|MERIADEG|Mael|ESTABLE|
DEBUG:root:[2024-07-24 16:19:08] |28|1345|2100246|RASTAPOPOULOS94|Marc|ONZON|
DEBUG:root:[2024-07-24 16:19:08] |29|1332|2200679||Christophe|ANTOINE|
DEBUG:root:[2024-07-24 16:19:08] |30|1326|2401714||Emilie|RISCHARD|
DEBUG:root:[2024-07-24 16:19:08] |31|1313|1700001||Mikael|KLAINE|
DEBUG:root:[2024-07-24 16:19:08] |32|1288|2301958||Julien|FOUCHERIQ|
DEBUG:root:[2024-07-24 16:19:08] |33|1267|2301371||Leopold|ROUGERIE|
DEBUG:root:[2024-07-24 16:19:08] |34|1240|2401901||Lucas|ULRICH|
